{"uuid":"81d2e942-1b91-4b6b-be87-38ec8998b13a","historyId":"35d3df5ccb823e82bc458e7cbf6fb182","fullName":"com.testing.Tests.Integration.TC_Integration.testGetBookingByID","labels":[{"name":"package","value":"com.testing.Tests.Integration.TC_Integration"},{"name":"testClass","value":"com.testing.Tests.Integration.TC_Integration"},{"name":"testMethod","value":"testGetBookingByID"},{"name":"parentSuite","value":"Default Suite"},{"name":"suite","value":"RestAssuredFramework"},{"name":"subSuite","value":"com.testing.Tests.Integration.TC_Integration"},{"name":"host","value":"LAPTOP-AAA6F17O"},{"name":"thread","value":"1692@LAPTOP-AAA6F17O.main(1)"},{"name":"framework","value":"testng"},{"name":"language","value":"java"}],"links":[],"name":"testGetBookingByID","status":"broken","statusDetails":{"known":false,"muted":false,"flaky":false,"message":"Failed to parse the JSON document","trace":"io.restassured.path.json.exception.JsonPathException: Failed to parse the JSON document\r\n\tat io.restassured.path.json.JsonPath$ExceptionCatcher.invoke(JsonPath.java:1002)\r\n\tat io.restassured.path.json.JsonPath$4.doParseWith(JsonPath.java:967)\r\n\tat io.restassured.path.json.JsonPath$JsonParser.parseWith(JsonPath.java:1047)\r\n\tat io.restassured.path.json.JsonPath.get(JsonPath.java:202)\r\n\tat io.restassured.path.json.JsonPath.getString(JsonPath.java:352)\r\n\tat com.testing.Tests.Integration.TC_Integration.testGetBookingByID(TC_Integration.java:67)\r\n\tat java.base/jdk.internal.reflect.DirectMethodHandleAccessor.invoke(DirectMethodHandleAccessor.java:104)\r\n\tat java.base/java.lang.reflect.Method.invoke(Method.java:578)\r\n\tat org.testng.internal.invokers.MethodInvocationHelper.invokeMethod(MethodInvocationHelper.java:139)\r\n\tat org.testng.internal.invokers.TestInvoker.invokeMethod(TestInvoker.java:664)\r\n\tat org.testng.internal.invokers.TestInvoker.invokeTestMethod(TestInvoker.java:228)\r\n\tat org.testng.internal.invokers.MethodRunner.runInSequence(MethodRunner.java:63)\r\n\tat org.testng.internal.invokers.TestInvoker$MethodInvocationAgent.invoke(TestInvoker.java:961)\r\n\tat org.testng.internal.invokers.TestInvoker.invokeTestMethods(TestInvoker.java:201)\r\n\tat org.testng.internal.invokers.TestMethodWorker.invokeTestMethods(TestMethodWorker.java:148)\r\n\tat org.testng.internal.invokers.TestMethodWorker.run(TestMethodWorker.java:128)\r\n\tat java.base/java.util.ArrayList.forEach(ArrayList.java:1511)\r\n\tat org.testng.TestRunner.privateRun(TestRunner.java:819)\r\n\tat org.testng.TestRunner.run(TestRunner.java:619)\r\n\tat org.testng.SuiteRunner.runTest(SuiteRunner.java:443)\r\n\tat org.testng.SuiteRunner.runSequentially(SuiteRunner.java:437)\r\n\tat org.testng.SuiteRunner.privateRun(SuiteRunner.java:397)\r\n\tat org.testng.SuiteRunner.run(SuiteRunner.java:336)\r\n\tat org.testng.SuiteRunnerWorker.runSuite(SuiteRunnerWorker.java:52)\r\n\tat org.testng.SuiteRunnerWorker.run(SuiteRunnerWorker.java:95)\r\n\tat org.testng.TestNG.runSuitesSequentially(TestNG.java:1301)\r\n\tat org.testng.TestNG.runSuitesLocally(TestNG.java:1228)\r\n\tat org.testng.TestNG.runSuites(TestNG.java:1134)\r\n\tat org.testng.TestNG.run(TestNG.java:1101)\r\n\tat com.intellij.rt.testng.IDEARemoteTestNG.run(IDEARemoteTestNG.java:66)\r\n\tat com.intellij.rt.testng.RemoteTestNGStarter.main(RemoteTestNGStarter.java:105)\r\nCaused by: groovy.json.JsonException: Lexing failed on line: 1, column: 1, while reading 'i', no possible valid JSON value or punctuation could be recognized.\r\n\tat groovy.json.JsonLexer.nextToken(JsonLexer.java:86)\r\n\tat groovy.json.JsonLexer$nextToken.call(Unknown Source)\r\n\tat io.restassured.internal.path.json.ConfigurableJsonSlurper.parse(ConfigurableJsonSlurper.groovy:97)\r\n\tat io.restassured.internal.path.json.ConfigurableJsonSlurper$parse.callCurrent(Unknown Source)\r\n\tat io.restassured.internal.path.json.ConfigurableJsonSlurper.parseText(ConfigurableJsonSlurper.groovy:83)\r\n\tat io.restassured.path.json.JsonPath$4$1.method(JsonPath.java:965)\r\n\tat io.restassured.path.json.JsonPath$ExceptionCatcher.invoke(JsonPath.java:1000)\r\n\t... 30 more\r\n"},"stage":"finished","steps":[],"attachments":[],"parameters":[],"start":1709711252784,"stop":1709711254335}